17:41:27 **** Incremental Build of configuration Debug for project usart_test ****
make -j16 all 
arm-none-eabi-size   usart_test.elf 
   text	   data	    bss	    dec	    hex	filename
   9188	     20	   1636	  10844	   2a5c	usart_test.elf
Finished building: default.size.stdout
 
18:34:50 **** Incremental Build of configuration Debug for project usart_test ****
make -j16 all 
arm-none-eabi-size   usart_test.elf 
   text	   data	    bss	    dec	    hex	filename
   9188	     20	   1636	  10844	   2a5c	usart_test.elf
Finished building: default.size.stdout
 
18:34:50 **** Incremental Build of configuration Debug for project usart_test ****
make -j16 all 
arm-none-eabi-size   usart_test.elf 
   text	   data	    bss	    dec	    hex	filename
   9188	     20	   1636	  10844	   2a5c	usart_test.elf
Finished building: default.size.stdout
 
18:35:13 **** Incremental Build of configuration Debug for project usart_test ****
make -j16 all 
arm-none-eabi-size   usart_test.elf 
   text	   data	    bss	    dec	    hex	filename
   9188	     20	   1636	  10844	   2a5c	usart_test.elf
Finished building: default.size.stdout
 
18:35:31 **** Incremental Build of configuration Debug for project usart_test ****
make -j16 all 
arm-none-eabi-size   usart_test.elf 
   text	   data	    bss	    dec	    hex	filename
   9188	     20	   1636	  10844	   2a5c	usart_test.elf
Finished building: default.size.stdout
 
18:37:54 **** Incremental Build of configuration Debug for project usart_test ****
make -j16 all 
arm-none-eabi-size   usart_test.elf 
   text	   data	    bss	    dec	    hex	filename
   9188	     20	   1636	  10844	   2a5c	usart_test.elf
Finished building: default.size.stdout
 
